\BOOKMARK [0][-]{chapter.1}{Introduction}{}% 1
\BOOKMARK [0][-]{chapter.2}{State\040of\040The\040Art}{}% 2
\BOOKMARK [1][-]{section.2.1}{Cryptography}{chapter.2}% 3
\BOOKMARK [2][-]{subsection.2.1.1}{Symmetric\040Encryption}{section.2.1}% 4
\BOOKMARK [2][-]{subsection.2.1.2}{Assymetric\040Encryption}{section.2.1}% 5
\BOOKMARK [1][-]{section.2.2}{Certificate\040Authorities}{chapter.2}% 6
\BOOKMARK [2][-]{subsection.2.2.1}{Background\040Of\040Certificate\040Authorities}{section.2.2}% 7
\BOOKMARK [2][-]{subsection.2.2.2}{Issuing\040Of\040Certificates}{section.2.2}% 8
\BOOKMARK [2][-]{subsection.2.2.3}{Key\040Revocation}{section.2.2}% 9
\BOOKMARK [2][-]{subsection.2.2.4}{Key\040Recovery}{section.2.2}% 10
\BOOKMARK [2][-]{subsection.2.2.5}{Problems\040With\040Certificate\040Authorities}{section.2.2}% 11
\BOOKMARK [1][-]{section.2.3}{Pretty\040Good\040Privacy\040And\040The\040Web\040Of\040Trust}{chapter.2}% 12
\BOOKMARK [2][-]{subsection.2.3.1}{Pretty\040Good\040Privacy}{section.2.3}% 13
\BOOKMARK [2][-]{subsection.2.3.2}{Confidentiality}{section.2.3}% 14
\BOOKMARK [2][-]{subsection.2.3.3}{The\040Web\040Of\040Trust}{section.2.3}% 15
\BOOKMARK [2][-]{subsection.2.3.4}{Key\040signing\040parties}{section.2.3}% 16
\BOOKMARK [2][-]{subsection.2.3.5}{Establishing\040Trust}{section.2.3}% 17
\BOOKMARK [2][-]{subsection.2.3.6}{Trustworthiness\040of\040Introducers}{section.2.3}% 18
\BOOKMARK [2][-]{subsection.2.3.7}{Trustworthiness\040of\040Users}{section.2.3}% 19
\BOOKMARK [2][-]{subsection.2.3.8}{Problems\040With\040The\040Web\040Of\040Trust}{section.2.3}% 20
\BOOKMARK [1][-]{section.2.4}{The\040Blockchain}{chapter.2}% 21
\BOOKMARK [2][-]{subsection.2.4.1}{The\040History\040Of\040The\040Blockchain}{section.2.4}% 22
\BOOKMARK [2][-]{subsection.2.4.2}{Introduction\040Of\040Bitcoin}{section.2.4}% 23
\BOOKMARK [1][-]{section.2.5}{Ethereum}{chapter.2}% 24
\BOOKMARK [2][-]{subsection.2.5.1}{History\040Of\040Ethereum}{section.2.5}% 25
\BOOKMARK [2][-]{subsection.2.5.2}{Smart\040Contracts}{section.2.5}% 26
\BOOKMARK [0][-]{chapter.3}{DESIGN}{}% 27
\BOOKMARK [1][-]{section.3.1}{Google\040Chrome\040Extension}{chapter.3}% 28
\BOOKMARK [1][-]{section.3.2}{Use\040of\040Smart\040Contracts}{chapter.3}% 29
\BOOKMARK [1][-]{section.3.3}{User\040interaction}{chapter.3}% 30
\BOOKMARK [1][-]{section.3.4}{Key\040Recoverability}{chapter.3}% 31
\BOOKMARK [0][-]{chapter.4}{Implementation}{}% 32
\BOOKMARK [1][-]{section.4.1}{Overview}{chapter.4}% 33
\BOOKMARK [1][-]{section.4.2}{Development\040tools}{chapter.4}% 34
\BOOKMARK [1][-]{section.4.3}{Creation\040of\040identity}{chapter.4}% 35
\BOOKMARK [1][-]{section.4.4}{Storage\040of\040details}{chapter.4}% 36
\BOOKMARK [1][-]{section.4.5}{Front-End}{chapter.4}% 37
\BOOKMARK [1][-]{section.4.6}{Verification/Retrieval\040of\040user\040identity}{chapter.4}% 38
\BOOKMARK [1][-]{section.4.7}{Email\040Encryption}{chapter.4}% 39
\BOOKMARK [1][-]{section.4.8}{Email\040Decryption}{chapter.4}% 40
\BOOKMARK [0][-]{chapter.5}{Conclusion}{}% 41
